<?xml version="1.0" encoding="UTF-8"?>
<testsuite xmlns:xsi="http://www.w3.org/2001/XMLSchema-instance" xsi:noNamespaceSchemaLocation="https://maven.apache.org/surefire/maven-surefire-plugin/xsd/surefire-test-report.xsd" name="com.QA.base.TestGenerateurDriverInit" time="70.287" tests="1" errors="0" skipped="0" failures="1">
  <properties>
[...]
</properties>
  <testcase name="Modification News" classname="News" time="68.463">
    <failure message="expected:&lt;[Titre News modifié]&gt; but was:&lt;[]&gt;" type="org.junit.ComparisonFailure"><![CDATA[org.junit.ComparisonFailure: expected:<[Titre News modifié]> but was:<[]>
]]></failure>
    <system-out><![CDATA[0 [main] INFO com.QA.base.TestGenerateurDriverInit  - Configuration de l'environnement de test
1 [main] INFO com.QA.base.TestGenerateurDriverInit  - Configuration terminée
7632 [main] INFO com.QA.steps.GenerateurDriver  - Début scénario Modification News
68890 [main] INFO com.QA.steps.GenerateurDriver  - Fin scénario Modification News
]]></system-out>
    <system-err><![CDATA[sept. 30, 2019 11:28:34 AM cucumber.runtime.java.ObjectFactoryLoader loadSingleObjectFactory
INFOS: Loading ObjectFactory via service loader: cucumber.runtime.java.guice.impl.GuiceFactory
sept. 30, 2019 11:28:35 AM com.QA.base.ConfigBasiqueWebDriver get
INFOS: Lancement d'un navigateur chrome pour les tests
Starting ChromeDriver 77.0.3865.40 (f484704e052e0b556f8030b65b953dce96503217-refs/branch-heads/3865@{#442}) on port 18237
Only local connections are allowed.
Please protect ports used by ChromeDriver and related test frameworks to prevent access by malicious code.
[1569839319.873][WARNING]: Timed out connecting to Chrome, retrying...
sept. 30, 2019 11:28:41 AM org.openqa.selenium.remote.ProtocolHandshake createSession
INFOS: Detected dialect: W3C
]]></system-err>
  </testcase>
</testsuite>